<?xml version="1.0" encoding="UTF-8"?>
<!-- Generated by org.testng.reporters.JUnitReportReporter -->
<testsuite skipped="0" hostname="CORPLPTP000053" name="com.qa.testapi.PostApiTest" tests="1" failures="0" timestamp="2020-05-16T02:02:15 IST" time="2.735" errors="0">
  <testcase name="postApiTest" time="2.735" classname="com.qa.testapi.PostApiTest"/>
  <system-out/>
</testsuite> <!-- com.qa.testapi.PostApiTest -->
