<?xml version="1.0" encoding="UTF-8"?>
<!-- Generated by org.testng.reporters.JUnitReportReporter -->
<testsuite skipped="0" hostname="CORPLPTP000053" name="com.qa.testapi.GetApiTest" tests="1" failures="0" timestamp="2020-05-01T01:51:55 IST" time="5.130" errors="0">
  <testcase name="getAPITest" time="5.130" classname="com.qa.testapi.GetApiTest"/>
  <system-out/>
</testsuite> <!-- com.qa.testapi.GetApiTest -->
